<?xml version="1.0" encoding="UTF-8"?>
<!-- Generated by org.testng.reporters.JUnitXMLReporter -->
<testsuite ignored="0" hostname="DESKTOP-QSTOENC" failures="0" tests="4" name="Default test" time="44.001" errors="0" timestamp="2025-05-29T16:46:32 IST">
  <testcase classname="testCases.LoginTest" name="doLogin" time="10.573"/>
  <testcase classname="testCases.LoginTest" name="doLogin" time="8.776"/>
  <testcase classname="testCases.LoginTest" name="doLogin" time="12.149"/>
  <testcase classname="testCases.LoginTest" name="doLogin" time="7.456"/>
</testsuite> <!-- Default test -->
