<?xml version="1.0" encoding="UTF-8"?>
<!-- Generated by org.testng.reporters.JUnitXMLReporter -->
<testsuite ignored="0" hostname="DESKTOP-QSTOENC" failures="1" tests="1" name="Login to the GOR page" time="9.83" errors="0" timestamp="2025-04-26T02:08:01 IST">
  <testcase classname="testCases.LoginTest" name="doLogin" time="8.532">
    <failure type="java.lang.AssertionError" message="expected [Dashboardfg] but found [div]">
      <![CDATA[java.lang.AssertionError: expected [Dashboardfg] but found [div]
at testCases.LoginTest.doLogin(LoginTest.java:24)
at java.base/java.util.ArrayList.forEach(ArrayList.java:1596)
... Removed 31 stack frames]]>
    </failure>
  </testcase> <!-- doLogin -->
</testsuite> <!-- Login to the GOR page -->
