<?xml version="1.0" encoding="UTF-8"?>
<!-- Generated by org.testng.reporters.JUnitXMLReporter -->
<testsuite ignored="0" hostname="DESKTOP-QSTOENC" failures="1" tests="1" name="Test" time="8.984" errors="0" timestamp="2025-05-05T12:48:15 IST">
  <testcase classname="testCases.LoginTest" name="doLogin" time="8.5">
    <failure type="java.lang.AssertionError" message="Dashboard title match expected [Dashboardfg] but found [div]">
      <![CDATA[java.lang.AssertionError: Dashboard title match expected [Dashboardfg] but found [div]
at testCases.LoginTest.doLogin(LoginTest.java:25)
at java.base/java.util.ArrayList.forEach(ArrayList.java:1596)
... Removed 30 stack frames]]>
    </failure>
  </testcase> <!-- doLogin -->
</testsuite> <!-- Test -->
