<?xml version="1.0" encoding="UTF-8"?>
<testng-results ignored="0" total="4" passed="4" failed="0" skipped="0">
  <reporter-output>
  </reporter-output>
  <suite started-at="2025-05-28T21:05:00 IST" name="Automation test Suite" finished-at="2025-05-28T21:05:45 IST" duration-ms="44850">
    <groups>
    </groups>
    <test started-at="2025-05-28T21:05:00 IST" name="Login functionality" finished-at="2025-05-28T21:05:45 IST" duration-ms="44850">
      <class name="testCases.LoginTest">
        <test-method signature="doLogin(java.lang.String,java.lang.String,java.lang.String)[pri:0, instance:testCases.LoginTest@534ca02b]" started-at="2025-05-28T21:05:01 IST" name="doLogin" data-provider="dp" finished-at="2025-05-28T21:05:11 IST" duration-ms="10080" status="PASS">
          <params>
            <param index="0">
              <value>
                <![CDATA[test@kennect.io]]>
              </value>
            </param>
            <param index="1">
              <value>
                <![CDATA[Qwerty@1234]]>
              </value>
            </param>
            <param index="2">
              <value>
                <![CDATA[chrome]]>
              </value>
            </param>
          </params>
          <reporter-output>
          </reporter-output>
        </test-method> <!-- doLogin -->
        <test-method is-config="true" signature="tearDown()[pri:0, instance:testCases.LoginTest@534ca02b]" started-at="2025-05-28T21:05:11 IST" name="tearDown" finished-at="2025-05-28T21:05:11 IST" duration-ms="439" status="PASS">
          <reporter-output>
          </reporter-output>
        </test-method> <!-- tearDown -->
        <test-method signature="doLogin(java.lang.String,java.lang.String,java.lang.String)[pri:0, instance:testCases.LoginTest@534ca02b]" started-at="2025-05-28T21:05:11 IST" name="doLogin" data-provider="dp" finished-at="2025-05-28T21:05:21 IST" duration-ms="9434" status="PASS">
          <params>
            <param index="0">
              <value>
                <![CDATA[test@kennect.io]]>
              </value>
            </param>
            <param index="1">
              <value>
                <![CDATA[Qwerty@1234]]>
              </value>
            </param>
            <param index="2">
              <value>
                <![CDATA[edge]]>
              </value>
            </param>
          </params>
          <reporter-output>
          </reporter-output>
        </test-method> <!-- doLogin -->
        <test-method is-config="true" signature="tearDown()[pri:0, instance:testCases.LoginTest@534ca02b]" started-at="2025-05-28T21:05:21 IST" name="tearDown" finished-at="2025-05-28T21:05:22 IST" duration-ms="1637" status="PASS">
          <reporter-output>
          </reporter-output>
        </test-method> <!-- tearDown -->
        <test-method signature="doLogin(java.lang.String,java.lang.String,java.lang.String)[pri:0, instance:testCases.LoginTest@534ca02b]" started-at="2025-05-28T21:05:22 IST" name="doLogin" data-provider="dp" finished-at="2025-05-28T21:05:37 IST" duration-ms="14208" status="PASS">
          <params>
            <param index="0">
              <value>
                <![CDATA[test@kennect.io]]>
              </value>
            </param>
            <param index="1">
              <value>
                <![CDATA[Qwerty@1234]]>
              </value>
            </param>
            <param index="2">
              <value>
                <![CDATA[firefox]]>
              </value>
            </param>
          </params>
          <reporter-output>
          </reporter-output>
        </test-method> <!-- doLogin -->
        <test-method is-config="true" signature="tearDown()[pri:0, instance:testCases.LoginTest@534ca02b]" started-at="2025-05-28T21:05:37 IST" name="tearDown" finished-at="2025-05-28T21:05:38 IST" duration-ms="1793" status="PASS">
          <reporter-output>
          </reporter-output>
        </test-method> <!-- tearDown -->
        <test-method signature="doLogin(java.lang.String,java.lang.String,java.lang.String)[pri:0, instance:testCases.LoginTest@534ca02b]" started-at="2025-05-28T21:05:38 IST" name="doLogin" data-provider="dp" finished-at="2025-05-28T21:05:45 IST" duration-ms="6645" status="PASS">
          <params>
            <param index="0">
              <value>
                <![CDATA[test@kennect.io]]>
              </value>
            </param>
            <param index="1">
              <value>
                <![CDATA[Qwerty@1234]]>
              </value>
            </param>
            <param index="2">
              <value>
                <![CDATA[chrome]]>
              </value>
            </param>
          </params>
          <reporter-output>
          </reporter-output>
        </test-method> <!-- doLogin -->
        <test-method is-config="true" signature="tearDown()[pri:0, instance:testCases.LoginTest@534ca02b]" started-at="2025-05-28T21:05:45 IST" name="tearDown" finished-at="2025-05-28T21:05:45 IST" duration-ms="368" status="PASS">
          <reporter-output>
          </reporter-output>
        </test-method> <!-- tearDown -->
      </class> <!-- testCases.LoginTest -->
    </test> <!-- Login functionality -->
  </suite> <!-- Automation test Suite -->
</testng-results>
