<?xml version="1.0" encoding="UTF-8"?>
<testng-results ignored="0" total="1" passed="1" failed="0" skipped="0">
  <reporter-output>
  </reporter-output>
  <suite started-at="2025-04-29T13:10:56 IST" name="Default suite" finished-at="2025-04-29T13:11:23 IST" duration-ms="27006">
    <groups>
    </groups>
    <test started-at="2025-04-29T13:10:56 IST" name="Default test" finished-at="2025-04-29T13:11:23 IST" duration-ms="27006">
      <class name="testCases.LoginTest">
        <test-method signature="doLogin()[pri:0, instance:testCases.LoginTest@1573f9fc]" started-at="2025-04-29T13:10:56 IST" name="doLogin" finished-at="2025-04-29T13:11:21 IST" duration-ms="24360" status="PASS">
          <reporter-output>
          </reporter-output>
        </test-method> <!-- doLogin -->
        <test-method is-config="true" signature="tearDown()[pri:0, instance:testCases.LoginTest@1573f9fc]" started-at="2025-04-29T13:11:21 IST" name="tearDown" finished-at="2025-04-29T13:11:23 IST" duration-ms="2560" status="PASS">
          <reporter-output>
          </reporter-output>
        </test-method> <!-- tearDown -->
      </class> <!-- testCases.LoginTest -->
    </test> <!-- Default test -->
  </suite> <!-- Default suite -->
</testng-results>
