<?xml version="1.0" encoding="UTF-8"?>
<!-- Generated by org.testng.reporters.JUnitXMLReporter -->
<testsuite ignored="0" hostname="DESKTOP-QSTOENC" failures="0" tests="4" name="Login functionality" time="44.85" errors="0" timestamp="2025-05-28T21:05:46 IST">
  <testcase classname="testCases.LoginTest" name="doLogin" time="10.08"/>
  <testcase classname="testCases.LoginTest" name="doLogin" time="9.434"/>
  <testcase classname="testCases.LoginTest" name="doLogin" time="14.208"/>
  <testcase classname="testCases.LoginTest" name="doLogin" time="6.645"/>
</testsuite> <!-- Login functionality -->
